21:32:12.732 [JavaFX Application Thread] DEBUG GameApplication      - Logger initialized
21:32:12.756 [JavaFX Application Thread] DEBUG GameApplication      - Logging settings
Title: Droplet
Version: 1.0
Width: 800
Height: 600
Fullscreen: false
Intro: false
Menus: true
Profiling: false
Single step:false
App Mode: DEVELOPER
Menu Key: ESCAPE
Stage Style: DECORATED
Scene Factory: class com.almasb.fxgl.scene.SceneFactory
Dialog Factory: class com.almasb.fxgl.ui.FXGLDialogFactory
UI Factory: class com.almasb.fxgl.ui.FXGLUIFactory
Notification Service: class com.almasb.fxgl.gameplay.notification.XboxNotificationView
Exception Handler: class com.almasb.fxgl.app.FXGLExceptionHandler
21:32:12.757 [JavaFX Application Thread] DEBUG GameApplication      - Starting FXGL
21:32:12.774 [JavaFX Application Thread] INFO  FXGL                 - FXGL-0.5.4 on DESKTOP
21:32:12.775 [JavaFX Application Thread] INFO  FXGL                 - Source code and latest versions at: https://github.com/AlmasB/FXGL
21:32:12.775 [JavaFX Application Thread] INFO  FXGL                 -              Join the FXGL chat at: https://gitter.im/AlmasB/FXGL
21:32:12.775 [JavaFX Application Thread] DEBUG FXGL                 - FXGL started
21:32:12.776 [JavaFX Application Thread] DEBUG FXGL                 - Initializing FXGL
21:32:12.940 [JavaFX Application Thread] DEBUG AssetLoader          - Loading from disk: /assets/ui/cursors/fxgl_default.png
21:32:13.450 [JavaFX Application Thread] DEBUG AssetLoader          - Loading from disk: /assets/ui/fonts/VarelaRound-Regular.ttf
21:32:13.593 [JavaFX Application Thread] DEBUG MainWindow           - Creating a JavaFX scene
21:32:13.711 [JavaFX Application Thread] DEBUG MainWindow           - Target settings size: 800.0 x 600.0
21:32:13.712 [JavaFX Application Thread] DEBUG MainWindow           - Scaled scene size:    800.0 x 600.0
21:32:13.712 [JavaFX Application Thread] DEBUG MainWindow           - Scaled ratio: (1.0, 1.0)
21:32:13.723 [JavaFX Application Thread] DEBUG AssetLoader          - Loading from disk: /assets/ui/css/fxgl_dark.css
21:32:13.731 [JavaFX Application Thread] DEBUG AssetLoader          - Loading from disk: /assets/textures/fxgl_icon.png
21:32:13.766 [JavaFX Application Thread] DEBUG MainWindow           - Opening main window
21:32:14.205 [JavaFX Application Thread] DEBUG MainWindow           - Window border size: (0.0, 22.0)
21:32:14.205 [JavaFX Application Thread] DEBUG MainWindow           - Scaled size: 800.0 x 600.0
21:32:14.205 [JavaFX Application Thread] DEBUG MainWindow           - Scaled ratio: (1.0, 1.0)
21:32:14.206 [JavaFX Application Thread] DEBUG MainWindow           - Scene size: 800.0 x 600.0
21:32:14.206 [JavaFX Application Thread] DEBUG MainWindow           - Stage size: 800.0 x 622.0
21:32:14.321 [ForkJoinPool.commonPool-worker-1] DEBUG FS                   - Loaded DesktopFSService
21:32:14.322 [ForkJoinPool.commonPool-worker-1] DEBUG FXGL                 - Loading FXGL system data
21:32:14.347 [ForkJoinPool.commonPool-worker-1] DEBUG DesktopFSService     - Reading from: system/fxgl.bundle
21:32:14.376 [ForkJoinPool.commonPool-worker-1] DEBUG Bundle               - Logging bundle: FXGL
21:32:14.379 [ForkJoinPool.commonPool-worker-1] DEBUG Bundle               - FXGL.offline.timer.version.check=2019-02-21T11:54:58.730
21:32:14.380 [ForkJoinPool.commonPool-worker-1] DEBUG FXGL                 - Initializing state machine and application states
21:32:14.383 [ForkJoinPool.commonPool-worker-1] DEBUG AssetLoader          - Loading from disk: /assets/ui/cursors/fxgl_default.png
21:32:14.386 [ForkJoinPool.commonPool-worker-2] DEBUG UpdaterTask          - Checking for updates
21:32:14.394 [ForkJoinPool.commonPool-worker-1] DEBUG AssetLoader          - Loading from disk: /assets/ui/cursors/fxgl_default.png
21:32:14.425 [ForkJoinPool.commonPool-worker-1] DEBUG AssetLoader          - Loading from cache: /assets/ui/fonts/VarelaRound-Regular.ttf
21:32:14.448 [ForkJoinPool.commonPool-worker-1] DEBUG AssetLoader          - Loading from disk: /assets/ui/cursors/fxgl_default.png
21:32:14.456 [ForkJoinPool.commonPool-worker-1] DEBUG GameScene            - Game scene initialized: 800x600
21:32:14.576 [ForkJoinPool.commonPool-worker-1] DEBUG GameWorld            - Game world initialized
21:32:15.011 [ForkJoinPool.commonPool-worker-1] DEBUG PhysicsWorld         - Physics world initialized: appHeight=600, physics.ppm=50.0
21:32:15.363 [ForkJoinPool.commonPool-worker-1] DEBUG AssetLoader          - Loading from disk: /assets/ui/cursors/fxgl_default.png
21:32:15.383 [ForkJoinPool.commonPool-worker-1] DEBUG AssetLoader          - Loading from disk: /assets/properties/languages/english.properties
21:32:15.386 [ForkJoinPool.commonPool-worker-1] DEBUG AssetLoader          - Loading from cache: /assets/ui/fonts/VarelaRound-Regular.ttf
21:32:15.387 [ForkJoinPool.commonPool-worker-1] DEBUG AssetLoader          - Loading from cache: /assets/ui/fonts/VarelaRound-Regular.ttf
21:32:15.387 [ForkJoinPool.commonPool-worker-1] DEBUG AssetLoader          - Loading from cache: /assets/ui/fonts/VarelaRound-Regular.ttf
21:32:15.484 [ForkJoinPool.commonPool-worker-1] DEBUG AssetLoader          - Loading from disk: /assets/textures/particles/trace_horizontal.png
21:32:15.738 [ForkJoinPool.commonPool-worker-1] DEBUG AssetLoader          - Loading from cache: /assets/ui/fonts/VarelaRound-Regular.ttf
21:32:15.743 [ForkJoinPool.commonPool-worker-1] DEBUG FXGL.Menu            - createMenuBodyMainMenu()
21:32:15.757 [ForkJoinPool.commonPool-worker-1] DEBUG AssetLoader          - Loading from cache: /assets/ui/fonts/VarelaRound-Regular.ttf
21:32:15.763 [ForkJoinPool.commonPool-worker-1] DEBUG AssetLoader          - Loading from cache: /assets/properties/languages/english.properties
21:32:15.960 [ForkJoinPool.commonPool-worker-1] DEBUG AssetLoader          - Loading from cache: /assets/ui/fonts/VarelaRound-Regular.ttf
21:32:15.960 [ForkJoinPool.commonPool-worker-1] DEBUG AssetLoader          - Loading from cache: /assets/properties/languages/english.properties
21:32:15.961 [ForkJoinPool.commonPool-worker-1] DEBUG FXGL.Menu            - createOptionsMenu()
21:32:15.961 [ForkJoinPool.commonPool-worker-1] DEBUG AssetLoader          - Loading from cache: /assets/ui/fonts/VarelaRound-Regular.ttf
21:32:15.961 [ForkJoinPool.commonPool-worker-1] DEBUG AssetLoader          - Loading from cache: /assets/properties/languages/english.properties
21:32:15.970 [ForkJoinPool.commonPool-worker-1] DEBUG AssetLoader          - Loading from cache: /assets/ui/fonts/VarelaRound-Regular.ttf
21:32:15.971 [ForkJoinPool.commonPool-worker-1] DEBUG AssetLoader          - Loading from cache: /assets/properties/languages/english.properties
21:32:15.973 [ForkJoinPool.commonPool-worker-1] DEBUG AssetLoader          - Loading from cache: /assets/ui/fonts/VarelaRound-Regular.ttf
21:32:15.974 [ForkJoinPool.commonPool-worker-1] DEBUG AssetLoader          - Loading from cache: /assets/properties/languages/english.properties
21:32:15.978 [ForkJoinPool.commonPool-worker-1] DEBUG AssetLoader          - Loading from cache: /assets/ui/fonts/VarelaRound-Regular.ttf
21:32:15.980 [ForkJoinPool.commonPool-worker-1] DEBUG AssetLoader          - Loading from cache: /assets/properties/languages/english.properties
21:32:15.987 [ForkJoinPool.commonPool-worker-1] DEBUG AssetLoader          - Loading from cache: /assets/ui/fonts/VarelaRound-Regular.ttf
21:32:15.987 [ForkJoinPool.commonPool-worker-1] DEBUG AssetLoader          - Loading from cache: /assets/properties/languages/english.properties
21:32:16.043 [ForkJoinPool.commonPool-worker-1] DEBUG AssetLoader          - Loading from cache: /assets/ui/fonts/VarelaRound-Regular.ttf
21:32:16.043 [ForkJoinPool.commonPool-worker-1] DEBUG AssetLoader          - Loading from cache: /assets/properties/languages/english.properties
21:32:16.045 [ForkJoinPool.commonPool-worker-1] DEBUG AssetLoader          - Loading from cache: /assets/ui/fonts/VarelaRound-Regular.ttf
21:32:16.046 [ForkJoinPool.commonPool-worker-1] DEBUG AssetLoader          - Loading from cache: /assets/properties/languages/english.properties
21:32:16.058 [ForkJoinPool.commonPool-worker-1] DEBUG AssetLoader          - Loading from cache: /assets/ui/fonts/VarelaRound-Regular.ttf
21:32:16.058 [ForkJoinPool.commonPool-worker-1] DEBUG AssetLoader          - Loading from cache: /assets/properties/languages/english.properties
21:32:16.059 [ForkJoinPool.commonPool-worker-1] DEBUG AssetLoader          - Loading from disk: /assets/textures/particles/smoke.png
21:32:16.587 [ForkJoinPool.commonPool-worker-1] DEBUG AssetLoader          - Loading from disk: /assets/ui/cursors/fxgl_default.png
21:32:16.589 [ForkJoinPool.commonPool-worker-1] DEBUG AssetLoader          - Loading from cache: /assets/properties/languages/english.properties
21:32:16.589 [ForkJoinPool.commonPool-worker-1] DEBUG AssetLoader          - Loading from cache: /assets/ui/fonts/VarelaRound-Regular.ttf
21:32:16.590 [ForkJoinPool.commonPool-worker-1] DEBUG AssetLoader          - Loading from cache: /assets/ui/fonts/VarelaRound-Regular.ttf
21:32:16.590 [ForkJoinPool.commonPool-worker-1] DEBUG AssetLoader          - Loading from cache: /assets/ui/fonts/VarelaRound-Regular.ttf
21:32:16.595 [ForkJoinPool.commonPool-worker-1] DEBUG AssetLoader          - Loading from cache: /assets/textures/particles/trace_horizontal.png@64.0x64.0
21:32:16.596 [ForkJoinPool.commonPool-worker-1] DEBUG AssetLoader          - Loading from cache: /assets/ui/fonts/VarelaRound-Regular.ttf
21:32:16.596 [ForkJoinPool.commonPool-worker-1] DEBUG FXGL.Menu            - createMenuBodyGameMenu()
21:32:16.597 [ForkJoinPool.commonPool-worker-1] DEBUG AssetLoader          - Loading from cache: /assets/ui/fonts/VarelaRound-Regular.ttf
21:32:16.597 [ForkJoinPool.commonPool-worker-1] DEBUG AssetLoader          - Loading from cache: /assets/properties/languages/english.properties
21:32:16.600 [ForkJoinPool.commonPool-worker-1] DEBUG AssetLoader          - Loading from cache: /assets/ui/fonts/VarelaRound-Regular.ttf
21:32:16.600 [ForkJoinPool.commonPool-worker-1] DEBUG AssetLoader          - Loading from cache: /assets/properties/languages/english.properties
21:32:16.601 [ForkJoinPool.commonPool-worker-1] DEBUG FXGL.Menu            - createOptionsMenu()
21:32:16.601 [ForkJoinPool.commonPool-worker-1] DEBUG AssetLoader          - Loading from cache: /assets/ui/fonts/VarelaRound-Regular.ttf
21:32:16.601 [ForkJoinPool.commonPool-worker-1] DEBUG AssetLoader          - Loading from cache: /assets/properties/languages/english.properties
21:32:16.603 [ForkJoinPool.commonPool-worker-1] DEBUG AssetLoader          - Loading from cache: /assets/ui/fonts/VarelaRound-Regular.ttf
21:32:16.604 [ForkJoinPool.commonPool-worker-1] DEBUG AssetLoader          - Loading from cache: /assets/properties/languages/english.properties
21:32:16.604 [ForkJoinPool.commonPool-worker-1] DEBUG AssetLoader          - Loading from cache: /assets/ui/fonts/VarelaRound-Regular.ttf
21:32:16.605 [ForkJoinPool.commonPool-worker-1] DEBUG AssetLoader          - Loading from cache: /assets/properties/languages/english.properties
21:32:16.605 [ForkJoinPool.commonPool-worker-1] DEBUG AssetLoader          - Loading from cache: /assets/ui/fonts/VarelaRound-Regular.ttf
21:32:16.605 [ForkJoinPool.commonPool-worker-1] DEBUG AssetLoader          - Loading from cache: /assets/properties/languages/english.properties
21:32:16.606 [ForkJoinPool.commonPool-worker-1] DEBUG AssetLoader          - Loading from cache: /assets/ui/fonts/VarelaRound-Regular.ttf
21:32:16.606 [ForkJoinPool.commonPool-worker-1] DEBUG AssetLoader          - Loading from cache: /assets/properties/languages/english.properties
21:32:16.610 [ForkJoinPool.commonPool-worker-1] DEBUG AssetLoader          - Loading from cache: /assets/ui/fonts/VarelaRound-Regular.ttf
21:32:16.611 [ForkJoinPool.commonPool-worker-1] DEBUG AssetLoader          - Loading from cache: /assets/properties/languages/english.properties
21:32:16.611 [ForkJoinPool.commonPool-worker-1] DEBUG AssetLoader          - Loading from cache: /assets/ui/fonts/VarelaRound-Regular.ttf
21:32:16.612 [ForkJoinPool.commonPool-worker-1] DEBUG AssetLoader          - Loading from cache: /assets/properties/languages/english.properties
21:32:16.616 [ForkJoinPool.commonPool-worker-1] DEBUG AssetLoader          - Loading from cache: /assets/textures/particles/smoke.png@128.0x128.0
21:32:16.800 [JavaFX Application Thread] DEBUG FXGL                 - Running preInit()
21:32:16.853 [JavaFX Application Thread] DEBUG Input                - Registered new binding: Screenshot - P
21:32:16.855 [JavaFX Application Thread] DEBUG Input                - Registered new binding: Dev Options - CTRL+0
21:32:16.856 [JavaFX Application Thread] DEBUG Input                - Registered new binding: System info dump - CTRL+9
21:32:16.857 [JavaFX Application Thread] DEBUG Input                - Registered new binding: Restart - CTRL+R
21:32:16.859 [JavaFX Application Thread] DEBUG Input                - Registered new binding: Left - A
21:32:16.860 [JavaFX Application Thread] DEBUG Input                - Registered new binding: Right - D
21:32:16.861 [JavaFX Application Thread] DEBUG Input                - Registered new binding: Up - W
21:32:16.862 [JavaFX Application Thread] DEBUG Input                - Registered new binding: Down - S
21:32:16.866 [JavaFX Application Thread] DEBUG MenuEventHandler     - generateDefaultProfile()
21:32:16.866 [JavaFX Application Thread] DEBUG MenuEventHandler     - Creating default profile
21:32:16.867 [JavaFX Application Thread] DEBUG EventBus             - Firing event: SaveEvent
21:32:16.870 [JavaFX Application Thread] DEBUG AudioPlayer          - Saving data to profile
21:32:16.870 [JavaFX Application Thread] DEBUG Bundle               - Logging bundle: audio
21:32:16.870 [JavaFX Application Thread] DEBUG Bundle               - audio.musicVolume=0.5
21:32:16.870 [JavaFX Application Thread] DEBUG Bundle               - audio.soundVolume=0.5
21:32:16.871 [JavaFX Application Thread] DEBUG Input                - Saving data to profile
21:32:16.871 [JavaFX Application Thread] DEBUG Bundle               - Logging bundle: input
21:32:16.871 [JavaFX Application Thread] DEBUG Bundle               - input.Up=W
21:32:16.871 [JavaFX Application Thread] DEBUG Bundle               - input.Right=D
21:32:16.871 [JavaFX Application Thread] DEBUG Bundle               - input.Screenshot=P
21:32:16.871 [JavaFX Application Thread] DEBUG Bundle               - input.System info dump=CTRL+9
21:32:16.872 [JavaFX Application Thread] DEBUG Bundle               - input.Restart=CTRL+R
21:32:16.872 [JavaFX Application Thread] DEBUG Bundle               - input.Dev Options=CTRL+0
21:32:16.872 [JavaFX Application Thread] DEBUG Bundle               - input.Down=S
21:32:16.872 [JavaFX Application Thread] DEBUG Bundle               - input.Left=A
21:32:16.889 [JavaFX Application Thread] DEBUG Bundle               - Logging bundle: gameplayStats
21:32:16.889 [JavaFX Application Thread] DEBUG Bundle               - gameplayStats.playtime=0
21:32:16.891 [JavaFX Application Thread] DEBUG AchievementManager   - Saving data to profile
21:32:16.891 [JavaFX Application Thread] DEBUG Bundle               - Logging bundle: achievement
21:32:16.893 [JavaFX Application Thread] INFO  FXGL                 - FXGL initialization took: 4.117 sec
21:32:16.894 [JavaFX Application Thread] DEBUG LoopRunner           - Starting loop
21:32:16.897 [JavaFX Application Thread] DEBUG StartupState         - STARTUP
21:32:16.897 [JavaFX Application Thread] DEBUG Input                - Clearing active input actions
21:32:16.899 [JavaFX Application Thread] DEBUG AssetLoader          - Loading from disk: /assets/ui/css/fxgl_dark.css
21:32:16.926 [JavaFX Application Thread] DEBUG AppStateMachine      - StartupState -> MainMenuState
21:32:16.937 [JavaFX Application Thread] DEBUG AssetLoader          - Loading from cache: /assets/properties/languages/english.properties
21:32:16.938 [JavaFX Application Thread] DEBUG AssetLoader          - Loading from cache: /assets/ui/fonts/VarelaRound-Regular.ttf
21:32:16.938 [JavaFX Application Thread] DEBUG AssetLoader          - Loading from cache: /assets/properties/languages/english.properties
21:32:16.938 [JavaFX Application Thread] DEBUG AssetLoader          - Loading from cache: /assets/ui/fonts/VarelaRound-Regular.ttf
21:32:16.939 [JavaFX Application Thread] DEBUG AssetLoader          - Loading from cache: /assets/properties/languages/english.properties
21:32:16.940 [JavaFX Application Thread] DEBUG AssetLoader          - Loading from cache: /assets/ui/fonts/VarelaRound-Regular.ttf
21:32:16.945 [JavaFX Application Thread] DEBUG SaveLoadManager      - Checking profiles dir: profiles/
21:32:16.946 [JavaFX Application Thread] DEBUG SaveLoadManager      - Loading profile names
21:32:16.949 [JavaFX Application Thread] DEBUG AssetLoader          - Loading from cache: /assets/properties/languages/english.properties
21:32:16.952 [JavaFX Application Thread] DEBUG AssetLoader          - Loading from cache: /assets/ui/fonts/VarelaRound-Regular.ttf
21:32:16.953 [JavaFX Application Thread] DEBUG AssetLoader          - Loading from cache: /assets/ui/fonts/VarelaRound-Regular.ttf
21:32:16.954 [JavaFX Application Thread] DEBUG AppStateMachine      - Push state: DialogSubState
21:32:16.954 [JavaFX Application Thread] DEBUG Input                - Clearing active input actions
21:32:16.954 [JavaFX Application Thread] DEBUG AppStateMachine      - MainMenuState -> DialogSubState
21:32:17.167 [JavaFX Application Thread] DEBUG AppStateMachine      - Pop state: DialogSubState
21:32:17.168 [JavaFX Application Thread] DEBUG Input                - Clearing active input actions
21:32:17.169 [JavaFX Application Thread] DEBUG AppStateMachine      - MainMenuState <- DialogSubState
21:32:17.172 [JavaFX Application Thread] DEBUG AssetLoader          - Loading from cache: /assets/properties/languages/english.properties
21:32:17.173 [JavaFX Application Thread] DEBUG AssetLoader          - Loading from cache: /assets/ui/fonts/VarelaRound-Regular.ttf
21:32:17.174 [JavaFX Application Thread] DEBUG AssetLoader          - Loading from cache: /assets/ui/fonts/VarelaRound-Regular.ttf
21:32:17.174 [JavaFX Application Thread] DEBUG AppStateMachine      - Push state: DialogSubState
21:32:17.174 [JavaFX Application Thread] DEBUG Input                - Clearing active input actions
21:32:17.174 [JavaFX Application Thread] DEBUG AppStateMachine      - MainMenuState -> DialogSubState
21:32:17.875 [ForkJoinPool.commonPool-worker-2] INFO  UpdaterTask          - Your current version:  0.5.4
21:32:17.876 [ForkJoinPool.commonPool-worker-2] INFO  UpdaterTask          - Latest stable version: 11.0-alpha
21:32:18.660 [JavaFX Application Thread] DEBUG AssetLoader          - Loading from cache: /assets/sounds/menu/select.wav
21:32:19.411 [JavaFX Application Thread] DEBUG AppStateMachine      - Pop state: DialogSubState
21:32:19.412 [JavaFX Application Thread] DEBUG Input                - Clearing active input actions
21:32:19.413 [JavaFX Application Thread] DEBUG AppStateMachine      - MainMenuState <- DialogSubState
21:32:19.414 [JavaFX Application Thread] DEBUG SaveLoadManager      - Loading profile: Well
21:32:19.460 [JavaFX Application Thread] DEBUG AssetLoader          - Loading from cache: /assets/properties/languages/english.properties
21:32:19.461 [JavaFX Application Thread] DEBUG AssetLoader          - Loading from cache: /assets/ui/fonts/VarelaRound-Regular.ttf
21:32:19.462 [JavaFX Application Thread] DEBUG AssetLoader          - Loading from cache: /assets/ui/fonts/VarelaRound-Regular.ttf
21:32:19.463 [JavaFX Application Thread] DEBUG AppStateMachine      - Push state: DialogSubState
21:32:19.463 [JavaFX Application Thread] DEBUG Input                - Clearing active input actions
21:32:19.463 [JavaFX Application Thread] DEBUG AppStateMachine      - MainMenuState -> DialogSubState
21:32:19.467 [FXGL Background Thread 1 ] DEBUG DesktopFSService     - Reading from: ./profiles/Well/user.profile
21:32:19.491 [JavaFX Application Thread] DEBUG AppStateMachine      - Pop state: DialogSubState
21:32:19.491 [JavaFX Application Thread] DEBUG Input                - Clearing active input actions
21:32:19.492 [JavaFX Application Thread] DEBUG AppStateMachine      - MainMenuState <- DialogSubState
21:32:19.492 [JavaFX Application Thread] DEBUG EventBus             - Firing event: LoadEvent[type=LOAD_PROFILE]
21:32:19.493 [JavaFX Application Thread] DEBUG AudioPlayer          - Loading data from profile
21:32:19.493 [JavaFX Application Thread] DEBUG Bundle               - Logging bundle: audio
21:32:19.493 [JavaFX Application Thread] DEBUG Bundle               - audio.musicVolume=0.5
21:32:19.493 [JavaFX Application Thread] DEBUG Bundle               - audio.soundVolume=0.5
21:32:19.493 [JavaFX Application Thread] DEBUG Input                - Loading data from profile
21:32:19.493 [JavaFX Application Thread] DEBUG Bundle               - Logging bundle: input
21:32:19.494 [JavaFX Application Thread] DEBUG Bundle               - input.Up=W
21:32:19.494 [JavaFX Application Thread] DEBUG Bundle               - input.Right=D
21:32:19.494 [JavaFX Application Thread] DEBUG Bundle               - input.Screenshot=P
21:32:19.494 [JavaFX Application Thread] DEBUG Bundle               - input.System info dump=CTRL+9
21:32:19.494 [JavaFX Application Thread] DEBUG Bundle               - input.Restart=CTRL+R
21:32:19.494 [JavaFX Application Thread] DEBUG Bundle               - input.Dev Options=CTRL+0
21:32:19.494 [JavaFX Application Thread] DEBUG Bundle               - input.Down=S
21:32:19.494 [JavaFX Application Thread] DEBUG Bundle               - input.Left=A
21:32:19.495 [JavaFX Application Thread] DEBUG Bundle               - Logging bundle: gameplayStats
21:32:19.495 [JavaFX Application Thread] DEBUG Bundle               - gameplayStats.playtime=359906505126
21:32:19.495 [JavaFX Application Thread] DEBUG AchievementManager   - Loading data from profile
21:32:19.495 [JavaFX Application Thread] DEBUG Bundle               - Logging bundle: achievement
21:32:19.496 [JavaFX Application Thread] DEBUG AssetLoader          - Loading from cache: /assets/properties/languages/english.properties
21:32:19.496 [JavaFX Application Thread] DEBUG AssetLoader          - Loading from cache: /assets/ui/fonts/VarelaRound-Regular.ttf
21:32:19.497 [JavaFX Application Thread] DEBUG AssetLoader          - Loading from cache: /assets/properties/languages/english.properties
21:32:19.497 [JavaFX Application Thread] DEBUG AssetLoader          - Loading from cache: /assets/ui/fonts/VarelaRound-Regular.ttf
21:32:19.497 [JavaFX Application Thread] DEBUG SaveLoadManager      - Loading last modified save file
21:32:19.498 [JavaFX Application Thread] DEBUG SaveLoadManager      - Loading save files
21:32:19.502 [JavaFX Application Thread] DEBUG AssetLoader          - Loading from cache: /assets/properties/languages/english.properties
21:32:19.502 [JavaFX Application Thread] DEBUG AssetLoader          - Loading from cache: /assets/ui/fonts/VarelaRound-Regular.ttf
21:32:19.503 [JavaFX Application Thread] DEBUG AssetLoader          - Loading from cache: /assets/ui/fonts/VarelaRound-Regular.ttf
21:32:19.503 [JavaFX Application Thread] DEBUG AppStateMachine      - Push state: DialogSubState
21:32:19.503 [JavaFX Application Thread] DEBUG Input                - Clearing active input actions
21:32:19.503 [JavaFX Application Thread] DEBUG AppStateMachine      - MainMenuState -> DialogSubState
21:32:19.520 [JavaFX Application Thread] DEBUG AppStateMachine      - Pop state: DialogSubState
21:32:19.521 [JavaFX Application Thread] DEBUG Input                - Clearing active input actions
21:32:19.521 [JavaFX Application Thread] DEBUG AppStateMachine      - MainMenuState <- DialogSubState
21:32:19.522 [JavaFX Application Thread] DEBUG AssetLoader          - Loading from cache: /assets/sounds/menu/select.wav
21:32:20.114 [JavaFX Application Thread] DEBUG AssetLoader          - Loading from cache: /assets/sounds/menu/select.wav
21:32:20.160 [JavaFX Application Thread] DEBUG AssetLoader          - Loading from cache: /assets/sounds/menu/select.wav
21:32:20.208 [JavaFX Application Thread] DEBUG AssetLoader          - Loading from cache: /assets/sounds/menu/select.wav
21:32:20.538 [JavaFX Application Thread] DEBUG AssetLoader          - Loading from cache: /assets/sounds/menu/select.wav
21:32:20.578 [JavaFX Application Thread] DEBUG AssetLoader          - Loading from cache: /assets/sounds/menu/select.wav
21:32:20.717 [JavaFX Application Thread] DEBUG AssetLoader          - Loading from cache: /assets/sounds/menu/select.wav
21:32:20.760 [JavaFX Application Thread] DEBUG AssetLoader          - Loading from cache: /assets/sounds/menu/select.wav
21:32:20.829 [JavaFX Application Thread] DEBUG AssetLoader          - Loading from cache: /assets/sounds/menu/select.wav
21:32:21.010 [JavaFX Application Thread] DEBUG AssetLoader          - Loading from cache: /assets/sounds/menu/select.wav
21:32:21.058 [JavaFX Application Thread] DEBUG AssetLoader          - Loading from cache: /assets/sounds/menu/select.wav
21:32:21.200 [JavaFX Application Thread] DEBUG AssetLoader          - Loading from cache: /assets/sounds/menu/select.wav
21:32:21.244 [JavaFX Application Thread] DEBUG AssetLoader          - Loading from cache: /assets/sounds/menu/select.wav
21:32:21.359 [JavaFX Application Thread] DEBUG AssetLoader          - Loading from cache: /assets/sounds/menu/select.wav
21:32:21.532 [JavaFX Application Thread] DEBUG AssetLoader          - Loading from cache: /assets/sounds/menu/select.wav
21:32:21.692 [JavaFX Application Thread] DEBUG AssetLoader          - Loading from cache: /assets/sounds/menu/select.wav
21:32:21.981 [JavaFX Application Thread] DEBUG AssetLoader          - Loading from cache: /assets/sounds/menu/select.wav
21:32:23.286 [JavaFX Application Thread] DEBUG FXGL.Menu            - fireNewGame()
21:32:23.286 [JavaFX Application Thread] DEBUG GameApplication      - Starting new game
21:32:23.287 [JavaFX Application Thread] DEBUG Input                - Clearing active input actions
21:32:23.287 [JavaFX Application Thread] DEBUG AssetLoader          - Loading from disk: /assets/ui/css/fxgl_dark.css
21:32:23.307 [JavaFX Application Thread] DEBUG AppStateMachine      - MainMenuState -> LoadingState
21:32:23.310 [FXGL Background Thread 1 ] DEBUG InitAppTask          - Clearing previous game
21:32:23.310 [FXGL Background Thread 1 ] DEBUG GameWorld            - Clearing game world
21:32:23.311 [FXGL Background Thread 1 ] DEBUG PhysicsWorld         - Clearing physics world
21:32:23.311 [FXGL Background Thread 1 ] DEBUG GameScene            - Clearing game scene
21:32:23.313 [FXGL Background Thread 1 ] DEBUG InitAppTask          - Initializing Game
21:32:23.318 [FXGL Background Thread 1 ] DEBUG AssetLoader          - Loading from disk: /assets/textures/GameBG.png
21:32:23.469 [FXGL Background Thread 1 ] DEBUG GameScene            - Creating render group for layer: DEFAULT(100000)
21:32:23.480 [FXGL Background Thread 1 ] DEBUG AssetLoader          - Loading from disk: /assets/textures/droplet.png
21:32:23.484 [FXGL Background Thread 1 ] DEBUG AssetLoader          - Loading from disk: /assets/textures/fireanimation.png
21:32:23.500 [FXGL Background Thread 1 ] DEBUG AssetLoader          - Loading from cache: /assets/textures/fireanimation.png
21:32:23.507 [FXGL Background Thread 1 ] DEBUG InitAppTask          - Initializing Physics
21:32:23.510 [FXGL Background Thread 1 ] DEBUG InitAppTask          - Initializing UI
21:32:23.514 [FXGL Background Thread 1 ] DEBUG AssetLoader          - Loading from cache: /assets/ui/fonts/VarelaRound-Regular.ttf
21:32:23.514 [FXGL Background Thread 1 ] DEBUG AssetLoader          - Loading from cache: /assets/ui/fonts/VarelaRound-Regular.ttf
21:32:23.514 [FXGL Background Thread 1 ] DEBUG AssetLoader          - Loading from cache: /assets/ui/fonts/VarelaRound-Regular.ttf
21:32:23.514 [FXGL Background Thread 1 ] DEBUG AssetLoader          - Loading from cache: /assets/ui/fonts/VarelaRound-Regular.ttf
21:32:23.515 [FXGL Background Thread 1 ] DEBUG AssetLoader          - Loading from cache: /assets/ui/fonts/VarelaRound-Regular.ttf
21:32:23.515 [FXGL Background Thread 1 ] DEBUG AssetLoader          - Loading from cache: /assets/ui/fonts/VarelaRound-Regular.ttf
21:32:23.515 [FXGL Background Thread 1 ] DEBUG InitAppTask          - Initialization Complete
21:32:23.516 [FXGL Background Thread 1 ] INFO  InitAppTask          - Game initialization took: 0.206 sec
21:32:23.523 [JavaFX Application Thread] DEBUG Input                - Clearing active input actions
21:32:23.523 [JavaFX Application Thread] DEBUG AssetLoader          - Loading from disk: /assets/ui/css/fxgl_dark.css
21:32:23.531 [JavaFX Application Thread] DEBUG AppStateMachine      - LoadingState -> PlayState
21:32:40.297 [JavaFX Application Thread] DEBUG AssetLoader          - Loading from cache: /assets/textures/droplet.png@40.0x40.0
21:32:56.996 [JavaFX Application Thread] DEBUG AssetLoader          - Loading from cache: /assets/textures/droplet.png@40.0x40.0
21:33:10.979 [JavaFX Application Thread] DEBUG AssetLoader          - Loading from cache: /assets/textures/droplet.png@40.0x40.0
21:33:10.979 [JavaFX Application Thread] DEBUG AssetLoader          - Loading from cache: /assets/textures/fireanimation.png
21:33:10.989 [JavaFX Application Thread] DEBUG AssetLoader          - Loading from cache: /assets/textures/fireanimation.png
21:33:10.990 [JavaFX Application Thread] DEBUG AssetLoader          - Loading from cache: /assets/textures/droplet.png@40.0x40.0
21:33:10.992 [JavaFX Application Thread] DEBUG AssetLoader          - Loading from cache: /assets/textures/droplet.png@40.0x40.0
21:33:11.009 [JavaFX Application Thread] WARN  GameWorld            - Attempted to remove entity which is not active
21:33:11.010 [JavaFX Application Thread] WARN  GameWorld            - Attempted to remove entity which is not active
21:33:11.010 [JavaFX Application Thread] WARN  GameWorld            - Attempted to remove entity which is not active
21:33:11.010 [JavaFX Application Thread] WARN  GameWorld            - Attempted to remove entity which is not active
21:33:11.010 [JavaFX Application Thread] WARN  GameWorld            - Attempted to remove entity which is not active
21:33:13.749 [JavaFX Application Thread] DEBUG AssetLoader          - Loading from cache: /assets/textures/droplet.png@40.0x40.0
21:33:15.672 [JavaFX Application Thread] DEBUG AssetLoader          - Loading from cache: /assets/textures/droplet.png@40.0x40.0
21:33:15.673 [JavaFX Application Thread] DEBUG AssetLoader          - Loading from cache: /assets/textures/fireanimation.png
21:33:15.685 [JavaFX Application Thread] DEBUG AssetLoader          - Loading from cache: /assets/textures/fireanimation.png
21:33:15.686 [JavaFX Application Thread] DEBUG AssetLoader          - Loading from cache: /assets/textures/droplet.png@40.0x40.0
21:33:15.686 [JavaFX Application Thread] DEBUG AssetLoader          - Loading from cache: /assets/textures/droplet.png@40.0x40.0
21:33:15.687 [JavaFX Application Thread] DEBUG AssetLoader          - Loading from cache: /assets/textures/droplet.png@40.0x40.0
21:33:15.702 [JavaFX Application Thread] WARN  GameWorld            - Attempted to remove entity which is not active
21:33:15.703 [JavaFX Application Thread] WARN  GameWorld            - Attempted to remove entity which is not active
21:33:15.703 [JavaFX Application Thread] WARN  GameWorld            - Attempted to remove entity which is not active
21:33:16.558 [JavaFX Application Thread] DEBUG AssetLoader          - Loading from cache: /assets/textures/droplet.png@40.0x40.0
21:33:16.559 [JavaFX Application Thread] DEBUG AssetLoader          - Loading from cache: /assets/textures/fireanimation.png
21:33:16.567 [JavaFX Application Thread] DEBUG AssetLoader          - Loading from cache: /assets/textures/fireanimation.png
21:33:16.568 [JavaFX Application Thread] DEBUG AssetLoader          - Loading from cache: /assets/textures/droplet.png@40.0x40.0
21:33:16.569 [JavaFX Application Thread] DEBUG AssetLoader          - Loading from cache: /assets/textures/droplet.png@40.0x40.0
21:33:16.570 [JavaFX Application Thread] DEBUG AssetLoader          - Loading from cache: /assets/textures/droplet.png@40.0x40.0
21:33:16.588 [JavaFX Application Thread] WARN  GameWorld            - Attempted to remove entity which is not active
21:33:16.588 [JavaFX Application Thread] WARN  GameWorld            - Attempted to remove entity which is not active
21:33:17.140 [JavaFX Application Thread] DEBUG AssetLoader          - Loading from cache: /assets/textures/droplet.png@40.0x40.0
21:33:17.141 [JavaFX Application Thread] DEBUG AssetLoader          - Loading from cache: /assets/textures/fireanimation.png
21:33:17.145 [JavaFX Application Thread] DEBUG AssetLoader          - Loading from cache: /assets/textures/fireanimation.png
21:33:17.145 [JavaFX Application Thread] DEBUG AssetLoader          - Loading from cache: /assets/textures/droplet.png@40.0x40.0
21:33:17.146 [JavaFX Application Thread] DEBUG AssetLoader          - Loading from cache: /assets/textures/droplet.png@40.0x40.0
21:33:17.147 [JavaFX Application Thread] DEBUG AssetLoader          - Loading from cache: /assets/textures/droplet.png@40.0x40.0
21:33:17.155 [JavaFX Application Thread] WARN  GameWorld            - Attempted to remove entity which is not active
21:33:17.155 [JavaFX Application Thread] WARN  GameWorld            - Attempted to remove entity which is not active
21:33:17.690 [JavaFX Application Thread] DEBUG AssetLoader          - Loading from cache: /assets/textures/droplet.png@40.0x40.0
21:33:17.690 [JavaFX Application Thread] DEBUG AssetLoader          - Loading from cache: /assets/textures/fireanimation.png
21:33:17.697 [JavaFX Application Thread] DEBUG AssetLoader          - Loading from cache: /assets/textures/fireanimation.png
21:33:17.699 [JavaFX Application Thread] DEBUG AssetLoader          - Loading from cache: /assets/textures/droplet.png@40.0x40.0
21:33:17.700 [JavaFX Application Thread] DEBUG AssetLoader          - Loading from cache: /assets/textures/droplet.png@40.0x40.0
21:33:17.701 [JavaFX Application Thread] DEBUG AssetLoader          - Loading from cache: /assets/textures/droplet.png@40.0x40.0
21:33:17.706 [JavaFX Application Thread] WARN  GameWorld            - Attempted to remove entity which is not active
21:33:17.707 [JavaFX Application Thread] WARN  GameWorld            - Attempted to remove entity which is not active
21:33:18.444 [JavaFX Application Thread] DEBUG AssetLoader          - Loading from cache: /assets/textures/droplet.png@40.0x40.0
21:33:18.446 [JavaFX Application Thread] DEBUG AssetLoader          - Loading from cache: /assets/textures/fireanimation.png
21:33:18.454 [JavaFX Application Thread] DEBUG AssetLoader          - Loading from cache: /assets/textures/fireanimation.png
21:33:18.455 [JavaFX Application Thread] DEBUG AssetLoader          - Loading from cache: /assets/textures/droplet.png@40.0x40.0
21:33:18.456 [JavaFX Application Thread] DEBUG AssetLoader          - Loading from cache: /assets/textures/droplet.png@40.0x40.0
21:33:18.456 [JavaFX Application Thread] DEBUG AssetLoader          - Loading from cache: /assets/textures/droplet.png@40.0x40.0
21:33:18.458 [JavaFX Application Thread] WARN  GameWorld            - Attempted to remove entity which is not active
21:33:18.458 [JavaFX Application Thread] WARN  GameWorld            - Attempted to remove entity which is not active
21:33:18.461 [JavaFX Application Thread] WARN  GameWorld            - Attempted to remove entity which is not active
21:33:19.145 [JavaFX Application Thread] DEBUG AssetLoader          - Loading from cache: /assets/textures/droplet.png@40.0x40.0
21:33:19.146 [JavaFX Application Thread] DEBUG AssetLoader          - Loading from cache: /assets/textures/fireanimation.png
21:33:19.149 [JavaFX Application Thread] DEBUG AssetLoader          - Loading from cache: /assets/textures/fireanimation.png
21:33:19.150 [JavaFX Application Thread] DEBUG AssetLoader          - Loading from cache: /assets/textures/droplet.png@40.0x40.0
21:33:19.150 [JavaFX Application Thread] DEBUG AssetLoader          - Loading from cache: /assets/textures/droplet.png@40.0x40.0
21:33:19.151 [JavaFX Application Thread] DEBUG AssetLoader          - Loading from cache: /assets/textures/droplet.png@40.0x40.0
21:33:19.159 [JavaFX Application Thread] WARN  GameWorld            - Attempted to remove entity which is not active
21:33:19.160 [JavaFX Application Thread] WARN  GameWorld            - Attempted to remove entity which is not active
21:33:20.531 [JavaFX Application Thread] DEBUG AssetLoader          - Loading from cache: /assets/textures/droplet.png@40.0x40.0
21:33:20.531 [JavaFX Application Thread] DEBUG AssetLoader          - Loading from cache: /assets/textures/fireanimation.png
21:33:20.538 [JavaFX Application Thread] DEBUG AssetLoader          - Loading from cache: /assets/textures/fireanimation.png
21:33:20.539 [JavaFX Application Thread] DEBUG AssetLoader          - Loading from cache: /assets/textures/droplet.png@40.0x40.0
21:33:20.540 [JavaFX Application Thread] DEBUG AssetLoader          - Loading from cache: /assets/textures/droplet.png@40.0x40.0
21:33:20.541 [JavaFX Application Thread] DEBUG AssetLoader          - Loading from cache: /assets/textures/droplet.png@40.0x40.0
21:33:20.546 [JavaFX Application Thread] WARN  GameWorld            - Attempted to remove entity which is not active
21:33:29.818 [JavaFX Application Thread] DEBUG AssetLoader          - Loading from cache: /assets/textures/droplet.png@40.0x40.0
21:33:29.819 [JavaFX Application Thread] DEBUG AssetLoader          - Loading from cache: /assets/textures/fireanimation.png
21:33:29.823 [JavaFX Application Thread] DEBUG AssetLoader          - Loading from cache: /assets/textures/fireanimation.png
21:33:29.824 [JavaFX Application Thread] DEBUG AssetLoader          - Loading from cache: /assets/textures/droplet.png@40.0x40.0
21:33:29.824 [JavaFX Application Thread] DEBUG AssetLoader          - Loading from cache: /assets/textures/droplet.png@40.0x40.0
21:33:29.825 [JavaFX Application Thread] DEBUG AssetLoader          - Loading from cache: /assets/textures/droplet.png@40.0x40.0
21:33:29.831 [JavaFX Application Thread] WARN  GameWorld            - Attempted to remove entity which is not active
21:33:29.832 [JavaFX Application Thread] WARN  GameWorld            - Attempted to remove entity which is not active
21:33:29.832 [JavaFX Application Thread] WARN  GameWorld            - Attempted to remove entity which is not active
21:33:30.484 [JavaFX Application Thread] DEBUG AssetLoader          - Loading from cache: /assets/textures/droplet.png@40.0x40.0
21:33:35.648 [JavaFX Application Thread] DEBUG AssetLoader          - Loading from cache: /assets/ui/fonts/VarelaRound-Regular.ttf
21:33:35.649 [JavaFX Application Thread] DEBUG AssetLoader          - Loading from cache: /assets/ui/fonts/VarelaRound-Regular.ttf
21:33:35.649 [JavaFX Application Thread] DEBUG AssetLoader          - Loading from cache: /assets/properties/languages/english.properties
21:33:35.650 [JavaFX Application Thread] DEBUG AssetLoader          - Loading from cache: /assets/ui/fonts/VarelaRound-Regular.ttf
21:33:35.651 [JavaFX Application Thread] DEBUG AssetLoader          - Loading from cache: /assets/properties/languages/english.properties
21:33:35.652 [JavaFX Application Thread] DEBUG AssetLoader          - Loading from cache: /assets/ui/fonts/VarelaRound-Regular.ttf
21:33:35.652 [JavaFX Application Thread] DEBUG AppStateMachine      - Push state: DialogSubState
21:33:35.652 [JavaFX Application Thread] DEBUG Input                - Clearing active input actions
21:33:35.652 [JavaFX Application Thread] DEBUG AppStateMachine      - PlayState -> DialogSubState
21:33:35.656 [JavaFX Application Thread] DEBUG AssetLoader          - Loading from cache: /assets/textures/droplet.png@40.0x40.0
21:33:35.656 [JavaFX Application Thread] DEBUG AssetLoader          - Loading from cache: /assets/textures/fireanimation.png
21:33:35.660 [JavaFX Application Thread] DEBUG AssetLoader          - Loading from cache: /assets/textures/fireanimation.png
21:33:35.661 [JavaFX Application Thread] DEBUG AssetLoader          - Loading from cache: /assets/textures/droplet.png@40.0x40.0
21:33:35.662 [JavaFX Application Thread] DEBUG AssetLoader          - Loading from cache: /assets/textures/droplet.png@40.0x40.0
21:33:35.663 [JavaFX Application Thread] DEBUG AssetLoader          - Loading from cache: /assets/textures/droplet.png@40.0x40.0
21:33:35.663 [JavaFX Application Thread] DEBUG AssetLoader          - Loading from cache: /assets/textures/droplet.png@40.0x40.0
21:33:49.978 [JavaFX Application Thread] DEBUG AssetLoader          - Loading from cache: /assets/sounds/menu/select.wav
21:33:50.147 [JavaFX Application Thread] DEBUG AssetLoader          - Loading from cache: /assets/sounds/menu/select.wav
21:33:50.978 [JavaFX Application Thread] DEBUG AssetLoader          - Loading from cache: /assets/sounds/menu/select.wav
21:33:51.618 [JavaFX Application Thread] DEBUG AssetLoader          - Loading from cache: /assets/sounds/menu/select.wav
21:33:52.088 [JavaFX Application Thread] DEBUG AssetLoader          - Loading from cache: /assets/sounds/menu/select.wav
21:33:52.503 [JavaFX Application Thread] DEBUG AssetLoader          - Loading from cache: /assets/sounds/menu/select.wav
21:33:52.535 [JavaFX Application Thread] DEBUG AssetLoader          - Loading from cache: /assets/sounds/menu/select.wav
21:33:52.880 [JavaFX Application Thread] DEBUG AppStateMachine      - Pop state: DialogSubState
21:33:52.880 [JavaFX Application Thread] DEBUG Input                - Clearing active input actions
21:33:52.881 [JavaFX Application Thread] DEBUG AppStateMachine      - PlayState <- DialogSubState
21:33:52.881 [JavaFX Application Thread] DEBUG FXGL                 - Exiting FXGL
21:33:52.881 [JavaFX Application Thread] DEBUG MenuEventHandler     - Creating default profile
21:33:52.882 [JavaFX Application Thread] DEBUG EventBus             - Firing event: SaveEvent
21:33:52.882 [JavaFX Application Thread] DEBUG AudioPlayer          - Saving data to profile
21:33:52.882 [JavaFX Application Thread] DEBUG Bundle               - Logging bundle: audio
21:33:52.882 [JavaFX Application Thread] DEBUG Bundle               - audio.musicVolume=0.5
21:33:52.882 [JavaFX Application Thread] DEBUG Bundle               - audio.soundVolume=0.5
21:33:52.882 [JavaFX Application Thread] DEBUG Input                - Saving data to profile
21:33:52.883 [JavaFX Application Thread] DEBUG Bundle               - Logging bundle: input
21:33:52.883 [JavaFX Application Thread] DEBUG Bundle               - input.Up=W
21:33:52.883 [JavaFX Application Thread] DEBUG Bundle               - input.Right=D
21:33:52.883 [JavaFX Application Thread] DEBUG Bundle               - input.Screenshot=P
21:33:52.883 [JavaFX Application Thread] DEBUG Bundle               - input.System info dump=CTRL+9
21:33:52.883 [JavaFX Application Thread] DEBUG Bundle               - input.Restart=CTRL+R
21:33:52.883 [JavaFX Application Thread] DEBUG Bundle               - input.Dev Options=CTRL+0
21:33:52.883 [JavaFX Application Thread] DEBUG Bundle               - input.Down=S
21:33:52.883 [JavaFX Application Thread] DEBUG Bundle               - input.Left=A
21:33:52.883 [JavaFX Application Thread] DEBUG Bundle               - Logging bundle: gameplayStats
21:33:52.883 [JavaFX Application Thread] DEBUG Bundle               - gameplayStats.playtime=431957017308
21:33:52.884 [JavaFX Application Thread] DEBUG AchievementManager   - Saving data to profile
21:33:52.884 [JavaFX Application Thread] DEBUG Bundle               - Logging bundle: achievement
21:33:52.884 [JavaFX Application Thread] DEBUG SaveLoadManager      - Saving profile: Well
21:33:52.897 [JavaFX Application Thread] DEBUG DesktopFSService     - Writing to: ./profiles/Well/user.profile
21:33:52.906 [JavaFX Application Thread] DEBUG FXGL                 - Shutting down background threads
21:33:52.907 [JavaFX Application Thread] DEBUG FXGL                 - Saving FXGL system data
21:33:52.910 [JavaFX Application Thread] DEBUG DesktopFSService     - Writing to: system/fxgl.bundle
21:33:52.916 [JavaFX Application Thread] DEBUG FXGL                 - Closing logger and exiting JavaFX
